<?xml version="1.0" encoding="UTF-8"?>
<testng-results ignored="0" total="1" passed="1" failed="0" skipped="0">
  <reporter-output>
  </reporter-output>
  <suite started-at="2021-11-11T12:58:47 IST" name="Default suite" finished-at="2021-11-11T12:58:47 IST" duration-ms="332">
    <groups>
    </groups>
    <test started-at="2021-11-11T12:58:47 IST" name="Default test" finished-at="2021-11-11T12:58:47 IST" duration-ms="332">
      <class name="com.crm.TYSS.MavenPractice.Demo2">
        <test-method signature="demo()[pri:0, instance:com.crm.TYSS.MavenPractice.Demo2@3d1cfad4]" started-at="2021-11-11T12:58:47 IST" name="demo" finished-at="2021-11-11T12:58:47 IST" duration-ms="66" status="PASS">
          <reporter-output>
          </reporter-output>
        </test-method> <!-- demo -->
      </class> <!-- com.crm.TYSS.MavenPractice.Demo2 -->
    </test> <!-- Default test -->
  </suite> <!-- Default suite -->
</testng-results>
